<?xml version="1.0" encoding="UTF-8"?>
<!-- Generated by org.testng.reporters.JUnitReportReporter -->
<testsuite skipped="0" hostname="HJNZL001775" name="com.opencart.testcases.IndexPageTest" tests="7" failures="0" timestamp="2021-11-22T10:11:16 IST" time="36.788" errors="0">
  <testcase name="LogoTextTest" time="4.823" classname="com.opencart.testcases.IndexPageTest"/>
  <system-out/>
  <testcase name="titleTest" time="6.979" classname="com.opencart.testcases.IndexPageTest"/>
  <system-out/>
  <testcase name="currencyDropDownTest" time="4.874" classname="com.opencart.testcases.IndexPageTest"/>
  <system-out/>
  <testcase name="dollerSymbolTest" time="5.033" classname="com.opencart.testcases.IndexPageTest"/>
  <system-out/>
  <testcase name="dropDownLinkValidationTest" time="5.168" classname="com.opencart.testcases.IndexPageTest"/>
  <system-out/>
  <testcase name="loginPageNavigationTest" time="4.885" classname="com.opencart.testcases.IndexPageTest"/>
  <system-out/>
  <testcase name="searchbarValidationTest" time="5.026" classname="com.opencart.testcases.IndexPageTest"/>
  <system-out/>
</testsuite> <!-- com.opencart.testcases.IndexPageTest -->
