<?xml version="1.0" encoding="UTF-8"?>
<!-- Generated by org.testng.reporters.JUnitReportReporter -->
<testsuite skipped="0" hostname="HJNZL001775" name="com.opencart.testcases.IndexPageTest" tests="7" failures="0" timestamp="2021-11-22T20:08:33 IST" time="41.713" errors="0">
  <testcase name="LogoTextTest" time="9.548" classname="com.opencart.testcases.IndexPageTest"/>
  <system-out/>
  <testcase name="titleTest" time="5.081" classname="com.opencart.testcases.IndexPageTest"/>
  <system-out/>
  <testcase name="currencyDropDownTest" time="5.605" classname="com.opencart.testcases.IndexPageTest"/>
  <system-out/>
  <testcase name="dollerSymbolTest" time="5.060" classname="com.opencart.testcases.IndexPageTest"/>
  <system-out/>
  <testcase name="dropDownLinkValidationTest" time="5.395" classname="com.opencart.testcases.IndexPageTest"/>
  <system-out/>
  <testcase name="loginPageNavigationTest" time="5.475" classname="com.opencart.testcases.IndexPageTest"/>
  <system-out/>
  <testcase name="searchbarValidationTest" time="5.549" classname="com.opencart.testcases.IndexPageTest"/>
  <system-out/>
</testsuite> <!-- com.opencart.testcases.IndexPageTest -->
